<?xml version="1.0" encoding="UTF-8"?>
<!-- Generated by org.testng.reporters.JUnitReportReporter -->
<testsuite hostname="Narendren-HP" failures="0" tests="1" name="com.web.open.test.LoginTest" time="12.074" errors="0" timestamp="2022-02-25T13:29:10 IST" skipped="0">
  <testcase classname="com.web.open.test.LoginTest" name="loginPageTitleTest" time="12.074"/>
  <system-out/>
</testsuite> <!-- com.web.open.test.LoginTest -->
